1530581708141	geckodriver	INFO	geckodriver 0.21.0
1530581708157	geckodriver	INFO	Listening on 127.0.0.1:58941
1530581711204	mozrunner::runner	INFO	Running command: "D:\\Program Files\\Mozilla Firefox\\firefox.exe" "-marionette" "-foreground" "-no-remote" "-profile" "C:\\Users\\yx\\AppData\\Local\\Temp\\rust_mozprofile.kO8xyCXdKkJ8"
1530581714713	Marionette	INFO	Listening on port 58949
1530581715566	Marionette	WARN	TLS certificate errors will be ignored for this session
Unable to read VR Path Registry from C:\Users\yx\AppData\Local\openvr\openvrpaths.vrpath
[Parent 6080, Gecko_IOThread] WARNING: pipe error: 109: file z:/build/build/src/ipc/chromium/src/chrome/common/ipc_channel_win.cc, line 346
[Parent 6080, Gecko_IOThread] WARNING: pipe error: 109: file z:/build/build/src/ipc/chromium/src/chrome/common/ipc_channel_win.cc, line 346
Unable to read VR Path Registry from C:\Users\yx\AppData\Local\openvr\openvrpaths.vrpath
[Child 10076, Unable to read VR Path Registry from C:\Users\yx\AppData\Local\openvr\openvrpaths.vrpath
[Parent 11260, Gecko_IOThread] WARNING: pipe error: 109: file z:/build/build/src/ipc/chromium/src/chrome/common/ipc_channel_win.cc, line 346
[Parent 11260, Gecko_IOThread] WARNING: pipe error: 109: file z:/build/build/src/ipc/chromium/src/chrome/common/ipc_channel_win.cc, line 346
Unable to read VR Path Registry from C:\Users\yx\AppData\Local\openvr\openvrpaths.vrpath
[Child 1476, Chrome_ChildThread] WARNING: pipe error: 109: file z:/build/build/src/ipc/chromium/src/chrome/common/ipc_channel_win.cc, line 346
[Child 1476, Chrome_ChildThread] WARNING: pipe error: 109: file z:/build/build/src/ipc/chromium/src/chrome/common/ipc_channel_win.cc, line 346
Unable to read VR Path Registry from C:\Users\yx\AppData\Local\openvr\openvrpaths.vrpath
[Child 8504, Chrome_ChildThread] WARNING: pipe error: 109: file z:/build/build/src/ipc/chromium/src/chrome/common/ipc_channel_win.cc, line 346
[Child 8504, Chrome_ChildThread] WARNING: pipe error: 109: file z:/build/build/src/ipc/chromium/src/chrome/common/ipc_channel_win.cc, line 346
[Parent 11260, Gecko_IOThread] WARNING: pipe error: 109: file z:/build/build/src/ipc/chromium/src/chrome/common/ipc_channel_win.cc, line 346
*** UTM:SVC TimerManager:registerTimer called after profile-before-change notification. Ignoring timer registration for id: telemetry_modules_ping
Unable to read VR Path Registry from C:\Users\yx\AppData\Local\openvr\openvrpaths.vrpath
[GPU 9464, Chrome_ChildThread] WARNING: pipe error: 109: file z:/build/build/src/ipc/chromium/src/chrome/common/ipc_channel_win.cc, line 346

###!!! [Child][MessageChannel::SendAndWait] Error: Channel error: cannot send/recv

1530581983810	geckodriver	INFO	geckodriver 0.20.0
1530581983825	geckodriver	INFO	Listening on 127.0.0.1:59389
1530581986861	mozrunner::runner	INFO	Running command: "D:\\Program Files\\Mozilla Firefox\\firefox.exe" "-marionette" "-profile" "C:\\Users\\yx\\AppData\\Local\\Temp\\rust_mozprofile.OOfMNIMWttwS"
1530581990387	Marionette	INFO	Listening on port 59397
1530581990682	Marionette	WARN	TLS certificate errors will be ignored for this session
1530582048929	geckodriver	INFO	geckodriver 0.20.0
1530582048929	geckodriver	INFO	Listening on 127.0.0.1:59467
1530582052013	mozrunner::runner	INFO	Running command: "D:\\Program Files\\Mozilla Firefox\\firefox.exe" "-marionette" "-profile" "C:\\Users\\yx\\AppData\\Local\\Temp\\rust_mozprofile.DB3JPAHEp2Y9"
1530582057566	geckodriver	INFO	geckodriver 0.20.0
1530582057566	geckodriver	INFO	Listening on 127.0.0.1:59482
1530582060615	mozrunner::runner	INFO	Running command: "D:\\Program Files\\Mozilla Firefox\\firefox.exe" "-marionette" "-profile" "C:\\Users\\yx\\AppData\\Local\\Temp\\rust_mozprofile.oVEIsu1reZ1g"
1530582063927	Marionette	INFO	Listening on port 59490
1530582064431	Marionette	WARN	TLS certificate errors will be ignored for this session
1530582716138	geckodriver	INFO	geckodriver 0.20.0
1530582716154	geckodriver	INFO	Listening on 127.0.0.1:62121
1530582719326	mozrunner::runner	INFO	Running command: "D:\\Program Files\\Mozilla Firefox\\firefox.exe" "-marionette" "-profile" "C:\\Users\\yx\\AppData\\Local\\Temp\\rust_mozprofile.evAazupwNVsT"
1530582722648	Marionette	INFO	Listening on port 62130
1530582723100	Marionette	WARN	TLS certificate errors will be ignored for this session
Unable to read VR Path Registry from C:\Users\yx\AppData\Local\openvr\openvrpaths.vrpath
[Parent 1472, Gecko_1530582762704	mozrunner::runner	INFO	Running command: "D:\\Program Files\\Mozilla Firefox\\firefox.exe" "-marionette" "-profile" "C:\\Users\\yx\\AppData\\Local\\Temp\\rust_mozprofile.Cb349wxlZGV0"
1530582766193	Marionette	INFO	Listening on port 62183
1530582766481	Marionette	WARN	TLS certificate errors will be ignored for this session
read] WARNING: pipe error: 109: file z:/build/build/src/ipc/chromium/src/chrome/common/ipc_channel_win.cc, line 346
Unable to read VR Path Registry from C:\Users\yx\AppData\Local\openvr\openvrpaths.vrpath
[Child 1912, Chrome_ChildThread] WARNING: pipe error: 109: file z:/build/build/src/ipc/chromium/src/chrome/common/ipc_channel_win.cc, line 346
[Parent 1472, Gecko_IOThread] WARNING: pipe error: 109: file z:/build/build/src/ipc/chromium/src/chrome/common/ipc_channel_win.cc, line 346
*** UTM:SVC TimerManager:registerTimer called after profile-before-change notification. Ignoring timer registration for id: telemetry_modules_ping
Unable to read VR Path Registry from C:\Users\yx\AppData\Local\openvr\openvrpaths.vrpath
[GPU 8736, Chrome_ChildThread] WARNING: pipe error: 109: file z:/build/build/src/ipc/chromium/src/chrome/common/ipc_channel_win.cc, line 346

###!!! [Child][MessageChannel::SendAndWait] Error: Channel error: cannot send/recv

1530583126341	geckodriver	INFO	geckodriver 0.20.0
1530583126357	geckodriver	INFO	Listening on 127.0.0.1:62499
1530583129410	mozrunner::runner	INFO	Running command: "D:\\Program Files\\Mozilla Firefox\\firefox.exe" "-marionette" "-profile" "C:\\Users\\yx\\AppData\\Local\\Temp\\rust_mozprofile.ksI22hDxN6b4"
1530583133088	Marionette	INFO	Listening on port 62507
1530583133363	Marionette	WARN	TLS certificate errors will be ignored for this session
1530583152623	geckodriver	INFO	geckodriver 0.20.0
1530583152623	geckodriver	INFO	Listening on 127.0.0.1:62542
1530583155684	mozrunner::runner	INFO	Running command: "D:\\Program Files\\Mozilla Firefox\\firefox.exe" "-marionette" "-profile" "C:\\Users\\yx\\AppData\\Local\\Temp\\rust_mozprofile.D8HBaHoBEq4p"
1530583159211	Marionette	INFO	Listening on port 62550
1530583159621	Marionette	WARN	TLS certificate errors will be ignored for this session
Unable to read VR Path Registry from C:\Users\yx\AppData\Local\openvr\openvrpaths.vrpath
[Parent 1092, Gecko_IOThread] WARNING: pipe error: 109: file z:/build/build/src/ipc/chromium/src/chrome/common/ipc_channel_win.cc, line 346
Unable to read VR Path Registry from C:\Users\yx\AppData\Local\openvr\openvrpaths.vrpath
[Child 11928, Chrome_ChildThread] WARNING: pipe error: 109: file z:/build/build/src/ipc/chromium/src/chrome/common/ipc_channel_win.cc, line 346
Unable to read VR Path Registry from C:\Users\yx\AppData\Local\openvr\openvrpaths.vrpath
[Child 2092, Chrome_ChildThread] WARNING: pipe error: 109: file z:/build/build/src/ipc/chromium/src/chrome/common/ipc_channelUnable to read VR Path Registry from C:\Users\yx\AppData\Local\openvr\openvrpaths.vrpath
[Child 5900, Chrome_ChildThread] WARNING: pipe error: 109: file z:/build/[Parent 1092, Gecko_IOThread] WARNING: pipe error: 109: file z:/build/build/src/ipc/chromium/src/chrome/common/ipc_channel_win.cc, line 346
Unable to read VR Path Registry from C:\Users\yx\AppData\Local\openvr\openvrpaths.vrpath
[GPU 1472, Chrome_ChildThread] WARNING: pipe error: 109: file z:/build/build/src/ipc/chromium/src/chrome/common/ipc_channel_win.cc, line 346

###!!! [Child][MessageChannel::SendAndWait] Error: Channel error: cannot send/recv

16, Gecko_IOThread] WARNING: pipe error: 109: file z:/build/build/src/ipc/chromium/src/chrome/common/ipc_channel_win.cc, line 346
Unable to read VR Path Registry from C:\Users\yx\AppData\Local\openvr\openvrpaths.vrpath
[GPU 8224, Chrome_ChildThread] WARNING: pipe error: 109: file z:/build/build/src/ipc/chromium/src/chrome/common/ipc_channel_win.cc, line 346

###!!! [Child][MessageChannel::SendAndWait] Error: Channel error: cannot send/recv

le:///D:/Program%20Files/Mozilla%20Firefox/browser/features/activity-stream@mozilla.org.xpi!/bootstrap.js:187
callBootstrapMethod()@resource://gre/modules/addons/XPIProvider.jsm:2757
observe()@resource://gre/modules/addons/XPIProvider.jsm:1672
Unable to read VR Path Registry from C:\Users\yx\AppData\Local\openvr\openvrpaths.vrpath
JavaScript error: resource:///modules/SavantShieldStudy.jsm, line 171: TypeError: this.addonListener is undefined
[Parent 9436, Gecko_IOThread] WARNING: pipe error: 109: file z:/build/build/src/ipc/chromium/src/chrome/common/ipc_channel_win.cc, line 346
Unable to read VR Path Registry from C:\Users\yx\AppData\Local\openvr\openvrpaths.vrpath
[Child 1716, Chrome_ChildThread] WARNING: pipe error: 109: file z:/build/build/src/ipc/chromium/src/chrome/common/ipc_channel_win.cc, line 346
[Child 1716, Chrome_ChildThread] WARNING: pipe error: 109: file z:/build/build/src/ipc/chromium/src/chrome/common/ipc_channel_win.cc, line 346
Unable to read VR Path Registry from C:\Users\yx\AppData\Local\openvr\openvrpaths.vrpath
[Child 1500, Chrome_ChildThread] WARNING: pipe error: 109: file z:/build/build/src/ipc/chromium/src/chrome/common/ipc_channel_win.cc, line 346
[Child 1500, Chrome_ChildThread] WARNING: pipe error: 109: file z:/build/build/src/ipc/chromium/src/chrome/common/ipc_channel_win.cc, line 346
1530583326630	Marionette	FATAL	Remote protocol server failed to start: [Exception... "Component returned failure code: 0xc1f30001 (NS_ERROR_NOT_INITIALIZED) [nsIServerSocket.asyncListen]"  nsresult: "0xc1f30001 (NS_ERROR_NOT_INITIALIZED)"  location: "JS frame :: chrome://marionette/content/server.js :: set acceptConnections :: line 92"  data: no] Stack trace: set acceptConnections()@server.js:92
start()@server.js:116
init/<()@jar:file:///D:/Program%20Files/Mozilla%20Firefox/omni.ja!/components/marionette.js:442
JavaScript error: jar:file:///D:/Program%20Files/Mozilla%20Firefox/omni.ja!/components/nsUrlClassifierListManager.js, line 321: NS_ERROR_NOT_INITIALIZED: Component returned failure code: 0xc1f30001 (NS_ERROR_NOT_INITIALIZED) [nsIUrlClassifierDBService.getTables]
JavaScript error: jar:file:///D:/Program%20Files/Mozilla%20Firefox/omni.ja!/components/nsUrlClassifierListManager.js, line 321: NS_ERROR_NOT_INITIALIZED: Component returned failure code: 0xc1f30001 (NS_ERROR_NOT_INITIALIZED) [nsIUrlClassifierDBService.getTables]
JavaScript error: resource://gre/modules/JSONFile.jsm, line 159: Error: Data is not ready.
JavaScript error: resource://gre/modules/JSONFile.jsm, line 159: Error: Data is not ready.
JavaScript error: resource://gre/modules/JSONFile.jsm, line 159: Error: Data is not ready.
JavaScript error: resource://gre/modules/JSONFile.jsm, line 159: Error: Data is not ready.
console.error: PushService: 
  clearOriginData: Error clearing origin data:
  UnknownError
console.error: PushService: 
  clearOriginData: Error clearing origin data:
  UnknownError
console.error: PushService: 
  stateChangeProcessEnqueue: Error transitioning state
  UnknownError

###!!! [Parent][DispatchAsyncMessage] Error: PBackgroundIDBFactory::Msg_PBackgroundIDBFactoryRequestConstructor Value error: message was deserialized, but contained an illegal value


###!!! [Parent][DispatchAsyncMessage] Error: PBackgroundIDBFactory::Msg_PBackgroundIDBFactoryRequestConstructor Value error: message was deserialized, but contained an illegal value

*** UTM:SVC TimerManager:registerTimer called after profile-before-change notification. Ignoring timer registration for id: telemetry_modules_ping

###!!! [Child][MessageChannel::SendAndWait] Error: Channel error: cannot send/recv

1530583346497	geckodriver	INFO	geckodriver 0.20.0
1530583346513	geckodriver	INFO	Listening on 127.0.0.1:62685
1530583349597	mozrunner::runner	INFO	Running command: "D:\\Program Files\\Mozilla Firefox\\firefox.exe" "-marionette" "-profile" "C:\\Users\\yx\\AppData\\Local\\Temp\\rust_mozprofile.S8TTjx7b9lvF"
1530583353166	Marionette	INFO	Listening on port 62693
1530583353797	Marionette	WARN	TLS certificate errors will be ignored for this session
1530583485950	geckodriver	INFO	geckodriver 0.20.0
1530583485966	geckodriver	INFO	Listening on 127.0.0.1:63229
1530583489016	mozrunner::runner	INFO	Running command: "D:\\Program Files\\Mozilla Firefox\\firefox.exe" "-marionette" "-profile" "C:\\Users\\yx\\AppData\\Local\\Temp\\rust_mozprofile.YZSYFxVdyLJk"
1530583492247	Marionette	INFO	Listening on port 63237
1530583492320	Marionette	WARN	TLS certificate errors will be ignored for this session
Unable to read VR Path Registry from C:\Users\yx\AppData\Local\openvr\openvrpaths.vrpath
[Parent 4952, Gecko_IOThread] WARNING: pipe error: 109: file z:/build/build/src/ipc/chromium/src/chrome/common/ipc_channel_win.cc, line 346
Unable to read VR Path Registry from C:\Users\yx\AppData\Local\openvr\openvrpaths.vrpath
[Child 3624, Chrome_ChildThread] WARNING: pipe error: 109: file z:/build/build/src/ipc/chromium/src/chrome/common/ipc_channel_win.cc, line 346
[Child 3624, Chrome_ChildThread] WARNING: pipe error: 109: file z:/build/build/src/ipc/chromium/src/chrome/common/ipc_channel_win.cc, line 346

###!!! [Child][MessageChannel] Error: (msgtype=0x49000E,name=PHttpChannel::Msg_DeletingChannel) Channel closing: too late to send/recv, messages will be lost

[Parent 4952, Gecko_IOThread] WARNING: pipe error: 109: file z:/build/build/src/ipc/chromium/src/chrome/common/ipc_channel_win.cc, line 346
Unable to read VR Path Registry from C:\Users\yx\AppData\Local\openvr\openvrpaths.vrpath
[Child 6284, Chrome_ChildThread] WARNING: pipe error: 109: file z:/build/build/src/ipc/chromium/src/chrome/common/ipc_channel_win.cc, line 346

###!!! [Child][MessageChannel::SendAndWait] Error: Channel error: cannot send/recv

1530585306559	geckodriver::marionette	ERROR	Failed to stop browser process
1530585792695	geckodriver	INFO	geckodriver 0.20.0
1530585792710	geckodriver	INFO	Listening on 127.0.0.1:60253
1530585795718	mozrunner::runner	INFO	Running command: "D:\\Program Files\\Mozilla Firefox\\firefox.exe" "-marionette" "-profile" "C:\\Users\\yx\\AppData\\Local\\Temp\\rust_mozprofile.tV4BNCLgE30c"
1530585799786	Marionette	INFO	Listening on port 60262
1530585799947	Marionette	WARN	TLS certificate errors will be ignored for this session
Unable to read VR Path Registry from C:\Users\yx\AppData\Local\openvr\openvrpaths.vrpath
[Child 6048, Chrome_ChildThread] WARNING: pipe error: 109: file z:/build/build/src/ipc/chromium/src/chrome/common/ipc_channel_win.cc, line 346
[Child 6048, Chrome_ChildThread] WARNING: pipe error: 109: file z:/build/build/src/ipc/chromium/src/chrome/common/ipc_channel_win.cc, line 346
Unable to read VR Path Registry from C:\Users\yx\AppData\Local\openvr\openvrpaths.vrpath
[Parent 2932, Gecko_IOThread] WARNING: pipe error: 109: file z:/build/build/src/ipc/chromium/src/chrome/common/ipc_channel_win.cc, line 346
Unable to read VR Path Registry from C:\Users\yx\AppData\Local\openvr\openvrpaths.vrpath
[Child 1304, Chrome_ChildThread] WARNING: pipe error: 109: file z:/build/build/src/ipc/chromium/src/chrome/common/ipc_channel_win.cc, line 346
[Child 1304, Chrome_ChildThread] WARNING: pipe error: 109: file z:/build/build/src/ipc/chromium/src/chrome/common/ipc_channel_win.cc, line 346
*** UTM:SVC TimerManager:registerTimer called after profile-before-change notification. Ignoring timer registration for id: telemetry_modules_ping
Unable to read VR Path Registry from C:\Users\yx\AppData\Local\openvr\openvrpaths.vrpath
[GPU 2776, Chrome_ChildThread] WARNING: pipe error: 109: file z:/build/build/src/ipc/chromium/src/chrome/common/ipc_channel_win.cc, line 346

###!!! [Child][MessageChannel::SendAndWait] Error: Channel error: cannot send/recv

1530588071261	geckodriver	INFO	geckodriver 0.20.0
1530588071276	geckodriver	INFO	Listening on 127.0.0.1:61384
1530588074261	mozrunner::runner	INFO	Running command: "D:\\Program Files\\Mozilla Firefox\\firefox.exe" "-marionette" "-profile" "C:\\Users\\yx\\AppData\\Local\\Temp\\rust_mozprofile.QkDq0WzHudEg"
[GFX1-]: Failed to connect GPU process
[GFX1-]: [D3D11] failed to get compositor device.
[GFX1-]: [D3D11] Failed to init compositor with reason: FEATURE_FAILURE_D3D11_NO_DEVICE
[7792, Chrome_ChildThread] WARNING: failed to create pipe: 2: file z:/build/build/src/ipc/chromium/src/chrome/common/ipc_channel_win.cc, line 221
[7792, Chrome_ChildThread] WARNING: Unable to create pipe named "7496.0.1324965941\1818732727" in client mode.: file z:/build/build/src/ipc/chromium/src/chrome/common/ipc_channel_win.cc, line 59

###!!! [Child][MessageChannel] Error: (msgtype=0xFFF8,name=<unknown IPC msg name>) Closed channel: cannot send/recv


###!!! [Child][MessageChannel] Error: (msgtype=0xFFFB,name=SHMEM_CREATED_MESSAGE) Channel error: cannot send/recv


###!!! [Child][MessageChannel] Error: (msgtype=0x42001C,name=PGPU::Msg_InitCrashReporter) Channel error: cannot send/recv

[GFX1-]: [D3D11] failed to get compositor device.
[GFX1-]: [D3D11] Failed to init compositor with reason: FEATURE_FAILURE_D3D11_NO_DEVICE
[GFX1-]: Could not get a DXGI adapter
1530588088130	Marionette	INFO	Listening on port 61393
1530599065560	geckodriver	INFO	geckodriver 0.20.0
1530599065569	geckodriver	INFO	Listening on 127.0.0.1:62137
1530599068589	mozrunner::runner	INFO	Running command: "D:\\Program Files\\Mozilla Firefox\\firefox.exe" "-marionette" "-profile" "C:\\Users\\yx\\AppData\\Local\\Temp\\rust_mozprofile.pdCF4OdYoNk5"
